License checkout took 3.330 sec
License checkout took 3.330 sec
Momentum MomEngine_64 2023.00.265 (*) built: Jul  1 2022
Copyright  1992 - 2022 Keysight Technologies
Simulation started on: Wed May 24 15:18:37 2023
Simulation Mode: RF
Substrate valid
Automatically determined a snap distance of
0.053 um for layout healing.
Layout simplification started
.........|.........|.........|.........| 
Layout simplification finished
Generating mesh at 20 GHz...
S-parameter simulation
S-parameter simulation started
...initializing
...extracting layout
...expanding thick conductors

--- WARNING -------------------------------------------------------------------

Layout is electrically large above 17.7 GHz (space wave radiation)

-------------------------------------------------------------------------------

--- WARNING -------------------------------------------------------------------

Substrate is electrically large above 20.9 GHz (surface wave radiation)
RF simulation can be less accurate as it ignores radiation
Consider:  - lowering the maximum frequency
           - simulating in MW mode

-------------------------------------------------------------------------------
Automatic selection: direct dense matrix solver
Using multi-threading (12 threads)
Matrix size: 1036 (reduced: 1036)

--- WARNING -------------------------------------------------------------------

The size of the plus pin for S-parameter port 1 is electrically large 
above 16.1398 GHz, S-parameters may become unphysical.

-------------------------------------------------------------------------------

--- WARNING -------------------------------------------------------------------

The size of the plus pin for S-parameter port 2 is electrically large 
above 16.1398 GHz, S-parameters may become unphysical.

-------------------------------------------------------------------------------
Simulation temperature: 298.15 K
Adaptive frequency sweep started
Simulation frequency [1] = 0 Hz
...loading Green functions
...creating Basis sections
...allocating interaction matrix
...loading quasi-static matrix
.........|.........|.........|.........| 
...solving interaction matrix
.........|.........|.........|.........| 
...calibrating ports
...calculating S-parameters
Simulation frequency [2] = 20 GHz
...solving interaction matrix
.........|.........|.........|.........| 
...calibrating ports
...calculating S-parameters
Adaptive:   0.0 % of frequency range covered
Simulation frequency [3] = 13.3333 GHz
...solving interaction matrix
.........|.........|.........|.........| 
...calibrating ports
...calculating S-parameters
Simulation frequency [4] = 6.66667 GHz
...solving interaction matrix
.........|.........|.........|.........| 
...calibrating ports
...calculating S-parameters
Simulation frequency [5] = 3.33333 GHz
...solving interaction matrix
.........|.........|.........|.........| 
...calibrating ports
...calculating S-parameters
Simulation frequency [6] = 10 GHz
...solving interaction matrix
.........|.........|.........|.........| 
...calibrating ports
...calculating S-parameters
Simulation frequency [7] = 16.6667 GHz
...solving interaction matrix
.........|.........|.........|.........| 
...calibrating ports
...calculating S-parameters
Simulation frequency [8] = 1.66667 GHz
...solving interaction matrix
.........|.........|.........|.........| 
...calibrating ports
...calculating S-parameters
Simulation frequency [9] = 18.8889 GHz
...solving interaction matrix
.........|.........|.........|.........| 
...calibrating ports
...calculating S-parameters
Simulation frequency [10] = 277.778 MHz
...solving interaction matrix
.........|.........|.........|.........| 
...calibrating ports
...calculating S-parameters
Simulation frequency [11] = 11.6667 GHz
...solving interaction matrix
.........|.........|.........|.........| 
...calibrating ports
...calculating S-parameters
Adaptive: 100.0 % of frequency range covered
S-parameter simulation finished
Simulation finished on: Wed May 24 15:18:38 2023
The simulation results have been saved in dataset "_2_MomRF".
