License checkout took 7.880 sec
License checkout took 3.328 sec
Momentum MomEngine_64 2023.00.265 (*) built: Jul  1 2022
Copyright  1992 - 2022 Keysight Technologies
Simulation started on: Thu May 25 15:03:22 2023
Simulation Mode: RF
Substrate calculation for RF mode
Substrate calculation started
.........|.........|.........|.........| 
Substrate calculation finished
Automatically determined a snap distance of
0.053 um for layout healing.
Layout simplification started
.........|.........|.........|.........| 
Layout simplification finished

--- WARNING -------------------------------------------------------------------

The port setup needed to be corrected:
Calibration will not be used for port "P1" (pins
"P1", "P3" and "P4" are not on the edge between
a conductive and a nonconductive region).

-------------------------------------------------------------------------------

--- WARNING -------------------------------------------------------------------

The port setup needed to be corrected:
Calibration will not be used for port "P2" (pins
"P2", "P5" and "P6" are not on the edge between
a conductive and a nonconductive region).

-------------------------------------------------------------------------------
Generating mesh at 20 GHz...
S-parameter simulation
S-parameter simulation started
...initializing
...extracting layout
...expanding thick conductors

--- WARNING -------------------------------------------------------------------

Layout is electrically large above 6.35 GHz (space wave radiation)

-------------------------------------------------------------------------------

--- WARNING -------------------------------------------------------------------

Substrate is electrically large above 20.9 GHz (surface wave radiation)
RF simulation can be less accurate as it ignores radiation
Consider:  - lowering the maximum frequency
           - simulating in MW mode

-------------------------------------------------------------------------------
Automatic selection: direct compressed matrix solver
Using multi-threading (12 threads)
Matrix size: 11499 (reduced: 11499)

--- WARNING -------------------------------------------------------------------

The distance between the layout pins for port 1 is electrically large 
above 6.07883 GHz, S-parameters may become unphysical.

-------------------------------------------------------------------------------

--- WARNING -------------------------------------------------------------------

The distance between the layout pins for port 2 is electrically large 
above 6.07883 GHz, S-parameters may become unphysical.

-------------------------------------------------------------------------------
Simulation temperature: 298.15 K
Adaptive frequency sweep started
Simulation frequency [1] = 0 Hz
...loading Green functions
...creating Basis sections
...allocating interaction matrix
...loading quasi-static matrix
.........|.........|.........|.........| 
...solving interaction matrix
.........|.........|.........|.........| 
...calculating S-parameters
Simulation frequency [2] = 20 GHz
...solving interaction matrix
.........|.........|.........|.........| 
...calculating S-parameters
Adaptive:   0.0 % of frequency range covered
Simulation frequency [3] = 16 GHz
...solving interaction matrix
.........|.........|.........|.........| 
...calculating S-parameters
Simulation frequency [4] = 12 GHz
...solving interaction matrix
.........|.........|.........|.........| 
...calculating S-parameters
Simulation frequency [5] = 8 GHz
...solving interaction matrix
.........|.........|.........|.........| 
...calculating S-parameters
Simulation frequency [6] = 4 GHz
...solving interaction matrix
.........|.........|.........|.........| 
...calculating S-parameters
Simulation frequency [7] = 19.3333 GHz
...solving interaction matrix
.........|.........|.........|.........| 
...calculating S-parameters
Simulation frequency [8] = 18.7778 GHz
...solving interaction matrix
.........|.........|.........|.........| 
...calculating S-parameters
Simulation frequency [9] = 19.0556 GHz
...solving interaction matrix
.........|.........|.........|.........| 
...calculating S-parameters
Simulation frequency [10] = 14.6667 GHz
...solving interaction matrix
.........|.........|.........|.........| 
...calculating S-parameters
Simulation frequency [11] = 17.8519 GHz
...solving interaction matrix
.........|.........|.........|.........| 
...calculating S-parameters
Simulation frequency [12] = 13.3333 GHz
...solving interaction matrix
.........|.........|.........|.........| 
...calculating S-parameters
Adaptive: 100.0 % of frequency range covered
S-parameter simulation finished
Simulation finished on: Thu May 25 15:05:32 2023
The simulation results have been saved in dataset "pad_line_MomRF".
