==============================================================================

                  ------ MOMENTUM STATISTICS (RF mode) ------

              Momentum MomEngine_64 2023.00.265 (*) built: Jul  1 2022
                           Thu May 25 15:03:23 2023

==============================================================================


------------------------------------------------------------------------------
MESH
------------------------------------------------------------------------------
 Frequency          : 20 GHz

 Rectangular cells  : 2160
 Quadrangular cells : 135
 Triangular cells   : 73
 Via cells          : 304

 Edge currents      : 5215

------------------------------------------------------------------------------
SOLVER                        USER TIME      ELAPSED TIME      MEMORY         
PROCESSES                      (h:m:s)          (h:m:s)         (MB)          
------------------------------------------------------------------------------

SIMULATION SET-UP
-----------------
 Initialization           |     0: 0: 0   |     0: 0: 0   |     49.19   
 Ports analysis           |     0: 0: 0   |     0: 0: 0   |      0.00   
 Mesh processing          |     0: 0: 0   |     0: 0: 0   |     70.77   

 Matrix size : 11499
 Reduced matrix size : 11499
 Estimated process size : 3512.06 MB

 Simulation temperature : 298.15 K

1. SIMULATION FREQUENCY = 0 Hz 
-------------------------
 Green functions          |     0: 0: 0   |     0: 0: 1   |      1.89   
 Basis creation           |     0: 0: 2   |     0: 0: 0   |    155.25   

QUASI-STATIC CALCULATIONS
-------------------------
 Matrix load              |     0: 2:24   |     0: 0:13   |    718.72   
 Matrix load              |     0: 0: 2   |     0: 0: 2   |      0.00   
 Matrix solve             |     0: 0:55   |     0: 0:10   |    438.91   
 S parameters             |     0: 0: 0   |     0: 0: 0   |      0.00   

2. SIMULATION FREQUENCY = 20 GHz 
-------------------------
 Matrix load              |     0: 0: 3   |     0: 0: 2   |      0.00   
 Matrix solve             |     0: 0:45   |     0: 0: 7   |      0.00   
 S parameters             |     0: 0: 0   |     0: 0: 0   |      0.00   
 Adaptive sampling        |     0: 0: 0   |     0: 0: 0   |      0.00   

3. SIMULATION FREQUENCY = 16 GHz 
-------------------------
 Matrix load              |     0: 0: 4   |     0: 0: 2   |      0.00   
 Matrix solve             |     0: 0:44   |     0: 0: 7   |      0.00   
 S parameters             |     0: 0: 0   |     0: 0: 0   |      0.00   
 Adaptive sampling        |     0: 0: 1   |     0: 0: 0   |      0.00   

4. SIMULATION FREQUENCY = 12 GHz 
-------------------------
 Matrix load              |     0: 0: 2   |     0: 0: 2   |      0.00   
 Matrix solve             |     0: 0:45   |     0: 0: 8   |      0.00   
 S parameters             |     0: 0: 0   |     0: 0: 0   |      0.00   
 Adaptive sampling        |     0: 0: 0   |     0: 0: 0   |      0.00   

5. SIMULATION FREQUENCY = 8 GHz 
-------------------------
 Matrix load              |     0: 0: 3   |     0: 0: 2   |      0.00   
 Matrix solve             |     0: 0:46   |     0: 0: 7   |      0.00   
 S parameters             |     0: 0: 1   |     0: 0: 0   |      0.00   
 Adaptive sampling        |     0: 0: 0   |     0: 0: 0   |      0.00   

6. SIMULATION FREQUENCY = 4 GHz 
-------------------------
 Matrix load              |     0: 0: 3   |     0: 0: 2   |      0.00   
 Matrix solve             |     0: 0:49   |     0: 0: 9   |      0.00   
 S parameters             |     0: 0: 0   |     0: 0: 0   |      0.00   
 Adaptive sampling        |     0: 0: 0   |     0: 0: 0   |      0.00   

7. SIMULATION FREQUENCY = 19.3333 GHz 
-------------------------
 Matrix load              |     0: 0: 4   |     0: 0: 2   |      0.00   
 Matrix solve             |     0: 0:44   |     0: 0: 7   |      0.00   
 S parameters             |     0: 0: 0   |     0: 0: 0   |      0.00   
 Adaptive sampling        |     0: 0: 0   |     0: 0: 0   |      0.00   

8. SIMULATION FREQUENCY = 18.7778 GHz 
-------------------------
 Matrix load              |     0: 0: 3   |     0: 0: 2   |      0.00   
 Matrix solve             |     0: 0:43   |     0: 0: 7   |      0.00   
 S parameters             |     0: 0: 0   |     0: 0: 0   |      0.00   
 Adaptive sampling        |     0: 0: 1   |     0: 0: 0   |      0.00   

9. SIMULATION FREQUENCY = 19.0556 GHz 
-------------------------
 Matrix load              |     0: 0: 3   |     0: 0: 2   |      0.00   
 Matrix solve             |     0: 0:41   |     0: 0: 7   |      0.00   
 S parameters             |     0: 0: 0   |     0: 0: 0   |      0.00   
 Adaptive sampling        |     0: 0: 1   |     0: 0: 0   |      0.00   

10. SIMULATION FREQUENCY = 14.6667 GHz 
-------------------------
 Matrix load              |     0: 0: 2   |     0: 0: 2   |      0.00   
 Matrix solve             |     0: 0:43   |     0: 0: 7   |      0.00   
 S parameters             |     0: 0: 0   |     0: 0: 0   |      0.00   
 Adaptive sampling        |     0: 0: 0   |     0: 0: 0   |      0.00   

11. SIMULATION FREQUENCY = 17.8519 GHz 
-------------------------
 Matrix load              |     0: 0: 4   |     0: 0: 2   |      0.00   
 Matrix solve             |     0: 0:46   |     0: 0: 8   |      0.00   
 S parameters             |     0: 0: 0   |     0: 0: 0   |      0.00   
 Adaptive sampling        |     0: 0: 0   |     0: 0: 0   |      0.00   

12. SIMULATION FREQUENCY = 13.3333 GHz 
-------------------------
 Matrix load              |     0: 0: 3   |     0: 0: 1   |      0.00   
 Matrix solve             |     0: 0:46   |     0: 0: 8   |      0.00   
 S parameters             |     0: 0: 0   |     0: 0: 0   |      0.00   
 Adaptive sampling        |     0: 0: 0   |     0: 0: 0   |      0.00   

------------------------------------------------------------------------------
TOTALS
------------------------------------------------------------------------------
 Nr of Frequencies   : 12 

 Physical memory :  1434.72 MB
 Virtual memory  :  1636.09 MB
 Page faults     :      505464
 User Time       :    0h12m13s
 Elapsed Time    :    0h 2m 9s

==============================================================================

