<?xml version="1.0" encoding="UTF-8"?>
<port_setup version="1.2">
  <calibration_group_list>
    <calibration_group id="1">
      <type>Lumped</type>
      <auto_split>true</auto_split>
    </calibration_group>
    <calibration_group id="2">
      <type>TML</type>
      <auto_split>true</auto_split>
    </calibration_group>
    <calibration_group id="3">
      <type>TML</type>
      <auto_split>true</auto_split>
    </calibration_group>
    <calibration_group id="4">
      <type>Lumped</type>
      <auto_split>true</auto_split>
    </calibration_group>
    <calibration_group id="5">
      <type>Lumped</type>
      <auto_split>true</auto_split>
    </calibration_group>
    <calibration_group id="6">
      <type>Lumped</type>
      <auto_split>true</auto_split>
    </calibration_group>
    <calibration_group id="7">
      <type>Lumped</type>
      <auto_split>true</auto_split>
    </calibration_group>
    <calibration_group id="8">
      <type>Lumped</type>
      <auto_split>true</auto_split>
    </calibration_group>
    <calibration_group id="9">
      <type>Lumped</type>
      <auto_split>true</auto_split>
    </calibration_group>
    <calibration_group id="10">
      <type>Lumped</type>
      <auto_split>true</auto_split>
    </calibration_group>
    <calibration_group id="11">
      <type>Lumped</type>
      <auto_split>true</auto_split>
    </calibration_group>
    <calibration_group id="12">
      <type>Lumped</type>
      <auto_split>true</auto_split>
    </calibration_group>
    <calibration_group id="13">
      <type>Lumped</type>
      <auto_split>true</auto_split>
    </calibration_group>
    <calibration_group id="14">
      <type>Lumped</type>
      <auto_split>true</auto_split>
    </calibration_group>
    <calibration_group id="15">
      <type>Lumped</type>
      <auto_split>true</auto_split>
    </calibration_group>
    <calibration_group id="16">
      <type>TML</type>
      <auto_split>true</auto_split>
    </calibration_group>
    <calibration_group id="17">
      <type>Lumped</type>
      <auto_split>true</auto_split>
    </calibration_group>
    <calibration_group id="18">
      <type>Lumped</type>
      <auto_split>true</auto_split>
    </calibration_group>
    <calibration_group id="19">
      <type>Lumped</type>
      <auto_split>true</auto_split>
    </calibration_group>
  </calibration_group_list>
  <port_list>
    <port id="1">
      <name>P1</name>
      <plus_pin>P1</plus_pin>
      <impedance>
        <real>50</real>
        <imag>0</imag>
      </impedance>
      <term_type>output</term_type>
      <calibration_group_ref ref="2" />
    </port>
    <port id="2">
      <name>P2</name>
      <plus_pin>P2</plus_pin>
      <impedance>
        <real>50</real>
        <imag>0</imag>
      </impedance>
      <term_type>output</term_type>
      <calibration_group_ref ref="2" />
    </port>
    <port id="3">
      <name>P3</name>
      <plus_pin>P3</plus_pin>
      <impedance>
        <real>50</real>
        <imag>0</imag>
      </impedance>
      <term_type>output</term_type>
      <calibration_group_ref ref="16" />
    </port>
    <port id="4">
      <name>P4</name>
      <plus_pin>P4</plus_pin>
      <impedance>
        <real>50</real>
        <imag>0</imag>
      </impedance>
      <term_type>output</term_type>
      <calibration_group_ref ref="3" />
    </port>
    <port id="5">
      <name>P6</name>
      <plus_pin>P6</plus_pin>
      <impedance>
        <real>50</real>
        <imag>0</imag>
      </impedance>
      <term_type>output</term_type>
      <calibration_group_ref ref="5" />
    </port>
    <port id="6">
      <name>P29</name>
      <plus_pin>P29</plus_pin>
      <impedance>
        <real>50</real>
        <imag>0</imag>
      </impedance>
      <term_type>output</term_type>
      <calibration_group_ref ref="17" />
    </port>
    <port id="7">
      <name>P7</name>
      <plus_pin>P7</plus_pin>
      <impedance>
        <real>50</real>
        <imag>0</imag>
      </impedance>
      <term_type>output</term_type>
      <calibration_group_ref ref="15" />
    </port>
    <port id="8">
      <name>P8</name>
      <plus_pin>P8</plus_pin>
      <impedance>
        <real>50</real>
        <imag>0</imag>
      </impedance>
      <term_type>output</term_type>
      <calibration_group_ref ref="9" />
    </port>
    <port id="9">
      <name>P11</name>
      <plus_pin>P11</plus_pin>
      <impedance>
        <real>50</real>
        <imag>0</imag>
      </impedance>
      <term_type>output</term_type>
      <calibration_group_ref ref="7" />
    </port>
    <port id="10">
      <name>P12</name>
      <plus_pin>P12</plus_pin>
      <impedance>
        <real>50</real>
        <imag>0</imag>
      </impedance>
      <term_type>output</term_type>
      <calibration_group_ref ref="10" />
    </port>
    <port id="11">
      <name>P13</name>
      <plus_pin>P13</plus_pin>
      <impedance>
        <real>50</real>
        <imag>0</imag>
      </impedance>
      <term_type>output</term_type>
      <calibration_group_ref ref="11" />
    </port>
    <port id="12">
      <name>P14</name>
      <plus_pin>P14</plus_pin>
      <impedance>
        <real>50</real>
        <imag>0</imag>
      </impedance>
      <term_type>output</term_type>
      <calibration_group_ref ref="14" />
    </port>
    <port id="13">
      <name>P15</name>
      <plus_pin>P15</plus_pin>
      <impedance>
        <real>50</real>
        <imag>0</imag>
      </impedance>
      <term_type>output</term_type>
      <calibration_group_ref ref="18" />
    </port>
    <port id="14">
      <name>P16</name>
      <plus_pin>P16</plus_pin>
      <impedance>
        <real>50</real>
        <imag>0</imag>
      </impedance>
      <term_type>output</term_type>
      <calibration_group_ref ref="19" />
    </port>
    <port id="15">
      <name>P19</name>
      <plus_pin>P19</plus_pin>
      <impedance>
        <real>50</real>
        <imag>0</imag>
      </impedance>
      <term_type>output</term_type>
      <calibration_group_ref ref="12" />
    </port>
    <port id="16">
      <name>P20</name>
      <plus_pin>P20</plus_pin>
      <impedance>
        <real>50</real>
        <imag>0</imag>
      </impedance>
      <term_type>output</term_type>
      <calibration_group_ref ref="1" />
    </port>
    <port id="17">
      <name>P21</name>
      <plus_pin>P21</plus_pin>
      <impedance>
        <real>50</real>
        <imag>0</imag>
      </impedance>
      <term_type>output</term_type>
      <calibration_group_ref ref="8" />
    </port>
    <port id="18">
      <name>P22</name>
      <plus_pin>P22</plus_pin>
      <impedance>
        <real>50</real>
        <imag>0</imag>
      </impedance>
      <term_type>output</term_type>
      <calibration_group_ref ref="6" />
    </port>
    <port id="19">
      <name>P23</name>
      <plus_pin>P23</plus_pin>
      <impedance>
        <real>50</real>
        <imag>0</imag>
      </impedance>
      <term_type>output</term_type>
      <calibration_group_ref ref="13" />
    </port>
    <port id="20">
      <name>P24</name>
      <plus_pin>P24</plus_pin>
      <impedance>
        <real>50</real>
        <imag>0</imag>
      </impedance>
      <term_type>output</term_type>
      <calibration_group_ref ref="4" />
    </port>
    <port id="21">
      <name>P25</name>
      <plus_pin>P25</plus_pin>
      <impedance>
        <real>50</real>
        <imag>0</imag>
      </impedance>
      <term_type>output</term_type>
      <calibration_group_ref ref="18" />
    </port>
    <port id="22">
      <name>P26</name>
      <plus_pin>P26</plus_pin>
      <impedance>
        <real>50</real>
        <imag>0</imag>
      </impedance>
      <term_type>output</term_type>
      <calibration_group_ref ref="19" />
    </port>
    <port id="23">
      <name>P27</name>
      <plus_pin>P27</plus_pin>
      <impedance>
        <real>50</real>
        <imag>0</imag>
      </impedance>
      <term_type>output</term_type>
      <calibration_group_ref ref="18" />
    </port>
    <port id="24">
      <name>P28</name>
      <plus_pin>P28</plus_pin>
      <impedance>
        <real>50</real>
        <imag>0</imag>
      </impedance>
      <term_type>output</term_type>
      <calibration_group_ref ref="19" />
    </port>
  </port_list>
</port_setup>
